<?xml version="1.0" encoding="UTF-8"?>
<!-- Generated by org.testng.reporters.JUnitXMLReporter -->
<testsuite ignored="2" hostname="LAPTOP-7U53CLUB" failures="0" tests="2" name="Test" time="0.061" errors="0" timestamp="2021-12-28T17:00:30 GMT-07:00">
  <testcase classname="Practise1.Day1" name="test" time="0.008"/>
  <testcase classname="Practise1.Day2" name="test4" time="0.001"/>
  <testcase classname="Practise1.Day2" name="test3" time="0.0">
    <ignored/>
  </testcase> <!-- test3 -->
  <testcase classname="Practise1.Day1" name="test2" time="0.0">
    <ignored/>
  </testcase> <!-- test2 -->
</testsuite> <!-- Test -->
