<?xml version="1.0" encoding="UTF-8"?>
<testng-results ignored="2" total="4" passed="2" failed="0" skipped="0">
  <reporter-output>
  </reporter-output>
  <suite started-at="2021-12-28T17:00:30 GMT-07:00" name="Suite" finished-at="2021-12-28T17:00:30 GMT-07:00" duration-ms="61">
    <groups>
    </groups>
    <test started-at="2021-12-28T17:00:30 GMT-07:00" name="Test" finished-at="2021-12-28T17:00:30 GMT-07:00" duration-ms="61">
      <class name="Practise1.Day1">
        <test-method signature="test()[pri:0, instance:Practise1.Day1@3e6ef8ad]" started-at="2021-12-28T17:00:30 GMT-07:00" name="test" finished-at="2021-12-28T17:00:30 GMT-07:00" duration-ms="8" status="PASS">
          <reporter-output>
          </reporter-output>
        </test-method> <!-- test -->
      </class> <!-- Practise1.Day1 -->
      <class name="Practise1.Day2">
        <test-method signature="test4()[pri:0, instance:Practise1.Day2@41fecb8b]" started-at="2021-12-28T17:00:30 GMT-07:00" name="test4" finished-at="2021-12-28T17:00:30 GMT-07:00" duration-ms="1" status="PASS">
          <reporter-output>
          </reporter-output>
        </test-method> <!-- test4 -->
      </class> <!-- Practise1.Day2 -->
    </test> <!-- Test -->
  </suite> <!-- Suite -->
</testng-results>
